<?xml version="1.0" encoding="UTF-8"?>
<!-- Generated by org.testng.reporters.JUnitReportReporter -->
<testsuite skipped="0" hostname="DESKTOP-GRSR7JO" name="TestNG.Flag3" tests="10" failures="0" timestamp="2022-08-23T10:36:00 IST" time="0.050" errors="0">
  <testcase name="validlogin" time="0.012" classname="TestNG.Flag3"/>
  <system-out>
    <![CDATA[valid login]]>
  </system-out>
  <testcase name="f" time="0.004" classname="TestNG.Flag3"/>
  <system-out>
    <![CDATA[f method]]>
  </system-out>
  <testcase name="s" time="0.004" classname="TestNG.Flag3"/>
  <system-out>
    <![CDATA[s method]]>
  </system-out>
  <testcase name="k" time="0.004" classname="TestNG.Flag3"/>
  <system-out>
    <![CDATA[k method]]>
  </system-out>
  <testcase name="x" time="0.002" classname="TestNG.Flag3"/>
  <system-out>
    <![CDATA[x method]]>
  </system-out>
  <testcase name="e" time="0.002" classname="TestNG.Flag3"/>
  <system-out>
    <![CDATA[e method]]>
  </system-out>
  <testcase name="z" time="0.002" classname="TestNG.Flag3"/>
  <system-out>
    <![CDATA[z method]]>
  </system-out>
  <testcase name="g" time="0.012" classname="TestNG.Flag3"/>
  <system-out>
    <![CDATA[g method]]>
  </system-out>
  <testcase name="a" time="0.002" classname="TestNG.Flag3"/>
  <system-out>
    <![CDATA[a method]]>
  </system-out>
  <testcase name="v" time="0.006" classname="TestNG.Flag3"/>
  <system-out>
    <![CDATA[v method]]>
  </system-out>
</testsuite> <!-- TestNG.Flag3 -->
