<?xml version="1.0" encoding="UTF-8"?>
<!-- Generated by org.testng.reporters.JUnitReportReporter -->
<testsuite skipped="0" hostname="DESKTOP-GRSR7JO" name="TestNG.TestMethod1" tests="2" failures="0" timestamp="2022-08-27T09:41:07 IST" time="0.020" errors="0">
  <testcase name="method2" time="0.001" classname="TestNG.TestMethod1"/>
  <system-out>
    <![CDATA[method21]]>
  </system-out>
  <testcase name="method1" time="0.019" classname="TestNG.TestMethod1"/>
  <system-out>
    <![CDATA[method11]]>
  </system-out>
</testsuite> <!-- TestNG.TestMethod1 -->
