<?xml version="1.0" encoding="UTF-8"?>
<!-- Generated by org.testng.reporters.JUnitReportReporter -->
<testsuite skipped="0" hostname="DESKTOP-GRSR7JO" name="TestNG.Remo" tests="1" failures="0" timestamp="2022-08-23T10:02:27 IST" time="0.003" errors="0">
  <testcase name="method2" time="0.003" classname="TestNG.Remo"/>
  <system-out>
    <![CDATA[method2]]>
  </system-out>
</testsuite> <!-- TestNG.Remo -->
