<?xml version="1.0" encoding="UTF-8"?>
<!-- Generated by org.testng.reporters.JUnitReportReporter -->
<testsuite skipped="0" hostname="DESKTOP-GRSR7JO" name="TestNG.AnnotationsInTestNg" tests="2" failures="0" timestamp="2022-08-27T10:28:13 IST" time="0.017" errors="0">
  <testcase name="f1" time="0.006" classname="TestNG.AnnotationsInTestNg"/>
  <system-out>
    <![CDATA[test case 2 execution]]>
  </system-out>
  <testcase name="f" time="0.011" classname="TestNG.AnnotationsInTestNg"/>
  <system-out>
    <![CDATA[test case 1 execution]]>
  </system-out>
</testsuite> <!-- TestNG.AnnotationsInTestNg -->
