<?xml version="1.0" encoding="UTF-8"?>
<!-- Generated by org.testng.reporters.JUnitReportReporter -->
<testsuite skipped="0" hostname="DESKTOP-GRSR7JO" name="TestNG.ActiTimeLogin" tests="2" failures="0" timestamp="2022-08-27T14:35:04 IST" time="27.409" errors="0">
  <testcase name="actiTimeLogin" time="18.296" classname="TestNG.ActiTimeLogin"/>
  <system-out/>
  <testcase name="actiTimeLogin" time="9.113" classname="TestNG.ActiTimeLogin"/>
  <system-out/>
</testsuite> <!-- TestNG.ActiTimeLogin -->
