<?xml version="1.0" encoding="UTF-8"?>
<!-- Generated by org.testng.reporters.JUnitReportReporter -->
<testsuite skipped="0" hostname="DESKTOP-GRSR7JO" name="TestNG.ActiTimeTest" tests="3" failures="0" timestamp="2022-08-27T09:50:20 IST" time="0.016" errors="0">
  <testcase name="logoutActiTime" time="0.013" classname="TestNG.ActiTimeTest"/>
  <system-out>
    <![CDATA[logout ACtitime]]>
  </system-out>
  <testcase name="createUserActiTime" time="0.001" classname="TestNG.ActiTimeTest"/>
  <system-out>
    <![CDATA[Create User Actitime]]>
  </system-out>
  <testcase name="loginActiTime" time="0.002" classname="TestNG.ActiTimeTest"/>
  <system-out>
    <![CDATA[LoginActiTime]]>
  </system-out>
</testsuite> <!-- TestNG.ActiTimeTest -->
