<?xml version="1.0" encoding="UTF-8"?>
<!-- Generated by org.testng.reporters.JUnitReportReporter -->
<testsuite skipped="0" hostname="DESKTOP-GRSR7JO" name="TestNG.Flag2" tests="3" failures="0" timestamp="2022-08-23T10:22:10 IST" time="0.015" errors="0">
  <testcase name="method2" time="0.002" classname="TestNG.Flag2"/>
  <system-out>
    <![CDATA[ActiTime Create User]]>
  </system-out>
  <testcase name="method3" time="0.002" classname="TestNG.Flag2"/>
  <system-out>
    <![CDATA[ActiTime create reports]]>
  </system-out>
  <testcase name="method1" time="0.011" classname="TestNG.Flag2"/>
  <system-out>
    <![CDATA[actiTime valid]]>
  </system-out>
</testsuite> <!-- TestNG.Flag2 -->
