<?xml version="1.0" encoding="UTF-8"?>
<!-- Generated by org.testng.reporters.JUnitReportReporter -->
<testsuite skipped="0" hostname="DESKTOP-GRSR7JO" name="TestNG.Demo" tests="1" failures="0" timestamp="2022-08-23T10:02:28 IST" time="0.011" errors="0">
  <testcase name="A" time="0.011" classname="TestNG.Demo"/>
  <system-out>
    <![CDATA[Hi I am from method A]]>
  </system-out>
</testsuite> <!-- TestNG.Demo -->
