<?xml version="1.0" encoding="UTF-8"?>
<!-- Generated by org.testng.reporters.JUnitReportReporter -->
<testsuite skipped="0" hostname="DESKTOP-GRSR7JO" name="TestNG.Flag6" tests="6" failures="0" timestamp="2022-08-23T14:35:57 IST" time="0.042" errors="0">
  <testcase name="st5" time="0.016" classname="TestNG.Flag6"/>
  <system-out>
    <![CDATA[Smoke Test Case 5]]>
  </system-out>
  <testcase name="st1" time="0.001" classname="TestNG.Flag6"/>
  <system-out>
    <![CDATA[Smoke Test Case 1]]>
  </system-out>
  <testcase name="St4" time="0.002" classname="TestNG.Flag6"/>
  <system-out>
    <![CDATA[Smoke Test Case 4]]>
  </system-out>
  <testcase name="St3" time="0.005" classname="TestNG.Flag6"/>
  <system-out>
    <![CDATA[Smoke Test Case 3]]>
  </system-out>
  <testcase name="St6" time="0.006" classname="TestNG.Flag6"/>
  <system-out>
    <![CDATA[Smoke Test Case 6]]>
  </system-out>
  <testcase name="St2" time="0.012" classname="TestNG.Flag6"/>
  <system-out>
    <![CDATA[Smoke Test Case 2]]>
  </system-out>
</testsuite> <!-- TestNG.Flag6 -->
