<?xml version="1.0" encoding="UTF-8"?>
<!-- Generated by org.testng.reporters.JUnitReportReporter -->
<testsuite skipped="0" hostname="DESKTOP-GRSR7JO" name="TestNG.Flag1" tests="2" failures="0" timestamp="2022-08-23T10:13:24 IST" time="0.014" errors="0">
  <testcase name="invalidActiTimeTest" time="0.012" classname="TestNG.Flag1"/>
  <system-out>
    <![CDATA[invalid login is performed]]>
  </system-out>
  <testcase name="validActiTimeTest" time="0.002" classname="TestNG.Flag1"/>
  <system-out>
    <![CDATA[valid login is performed]]>
  </system-out>
</testsuite> <!-- TestNG.Flag1 -->
