<?xml version="1.0" encoding="UTF-8"?>
<!-- Generated by org.testng.reporters.JUnitReportReporter -->
<testsuite skipped="0" hostname="DESKTOP-GRSR7JO" name="TestNG.Class3" tests="1" failures="0" timestamp="2022-08-27T10:41:38 IST" time="30.191" errors="0">
  <testcase name="launchGoogle" time="30.191" classname="TestNG.Class3"/>
  <system-out/>
</testsuite> <!-- TestNG.Class3 -->
